Removed Pin From Net: NetName=+5V Pin=C2-1
Removed Pin From Net: NetName=GND Pin=C2-2
Removed Pin From Net: NetName=NetP2_1 Pin=P2-1
Removed Pin From Net: NetName=NetP2_2 Pin=P2-2
Removed Pin From Net: NetName=NetP2_3 Pin=P2-3
Removed Member From Class: ClassName=INA288 Member=C2
Removed Member From Class: ClassName=INA288 Member=P2
Added Component: Designator=P?(HDR1X5)
Add component. Clean all parameters for all variants
Add component (AddParameter): Name = "CompanyID"; Value = "VT-00125"; VariantName = "[No Variations]"
Add component (AddParameter): Name = "MFR"; Value = ""; VariantName = "[No Variations]"
Add component (AddParameter): Name = "MFR_URL"; Value = ""; VariantName = "[No Variations]"
Add component (AddParameter): Name = "MPN"; Value = "S1012EC-40-ND"; VariantName = "[No Variations]"
Add component (AddParameter): Name = "Solder"; Value = "WAVE"; VariantName = "[No Variations]"
Add component (AddParameter): Name = "Value"; Value = "Header 5P"; VariantName = "[No Variations]"
Added Pin To Net: NetName=GND Pin=P?-1
Added Pin To Net: NetName=+5V Pin=P?-2
Added Pin To Net: NetName=NetP2_1 Pin=P?-3
Added Pin To Net: NetName=NetP2_2 Pin=P?-4
Added Pin To Net: NetName=NetP2_3 Pin=P?-5
Change Net Name : Old Net Name=NetP2_1 New Net Name=NetP?_3
Change Net Name : Old Net Name=NetP2_2 New Net Name=NetP?_4
Change Net Name : Old Net Name=NetP2_3 New Net Name=NetP?_5
Added Member To Class: ClassName=INA288 Member=Component P? Header 5P
